<?xml version="1.0" encoding="UTF-8"?>
<!-- Generated by org.testng.reporters.JUnitReportReporter -->
<testsuite skipped="0" hostname="DESKTOP-5SFRQ0E" name="test.PageFactory_TestCase" tests="1" failures="0" timestamp="2019-11-14T11:01:33 IST" time="127.630" errors="0">
  <testcase name="beforeMethod" time="127.630" classname="test.PageFactory_TestCase"/>
</testsuite> <!-- test.PageFactory_TestCase -->
